<?xml version="1.0" encoding="UTF-8"?>
<!-- Generated by org.testng.reporters.JUnitReportReporter -->
<testsuite skipped="0" hostname="DESKTOP-FHTLF5L" name="com.testng.execution.Runner" tests="1" failures="0" timestamp="05 Jan 2018 06:27:48 GMT" time="19.653" errors="0">
  <testcase name="register" time="19.653" classname="com.testng.execution.Runner"/>
</testsuite> <!-- com.testng.execution.Runner -->
